Using pre-set license
Built from '2020.3/release' branch; Version is '2020.3.27f1 (e759542391ea) revision 15161684'; Using compiler version '192528614'; Build Type 'Release'
OS: 'Windows 10  (10.0.19044) 64bit Professional' Language: 'es' Physical Memory: 16252 MB
BatchMode: 1, IsHumanControllingUs: 0, StartBugReporterOnCrash: 0, Is64bit: 1, IsPro: 0

COMMAND LINE ARGUMENTS:
C:\Program Files\Unity\Hub\Editor\2020.3.27f1\Editor\Unity.exe
-adb2
-batchMode
-noUpm
-name
AssetImportWorker0
-projectPath
C:/Users/baldo/Documents/GitHub/grimGreenEyesProgramming/Unity Project/GrimGreenEyesGame
-logFile
Logs/AssetImportWorker0.log
-srvPort
58382
Successfully changed project path to: C:/Users/baldo/Documents/GitHub/grimGreenEyesProgramming/Unity Project/GrimGreenEyesGame
C:/Users/baldo/Documents/GitHub/grimGreenEyesProgramming/Unity Project/GrimGreenEyesGame
Using Asset Import Pipeline V2.
Refreshing native plugins compatible for Editor in 44.64 ms, found 3 plugins.
Preloading 0 native plugins for Editor in 0.00 ms.
Initialize engine version: 2020.3.27f1 (e759542391ea)
[Subsystems] Discovering subsystems at path C:/Program Files/Unity/Hub/Editor/2020.3.27f1/Editor/Data/Resources/UnitySubsystems
[Subsystems] Discovering subsystems at path C:/Users/baldo/Documents/GitHub/grimGreenEyesProgramming/Unity Project/GrimGreenEyesGame/Assets
GfxDevice: creating device client; threaded=0
Direct3D:
    Version:  Direct3D 11.0 [level 11.1]
    Renderer: NVIDIA GeForce RTX 3060 Ti (ID=0x2489)
    Vendor:   
    VRAM:     8050 MB
    Driver:   30.0.15.1295
Initialize mono
Mono path[0] = 'C:/Program Files/Unity/Hub/Editor/2020.3.27f1/Editor/Data/Managed'
Mono path[1] = 'C:/Program Files/Unity/Hub/Editor/2020.3.27f1/Editor/Data/MonoBleedingEdge/lib/mono/unityjit'
Mono config path = 'C:/Program Files/Unity/Hub/Editor/2020.3.27f1/Editor/Data/MonoBleedingEdge/etc'
Using monoOptions --debugger-agent=transport=dt_socket,embedding=1,server=y,suspend=n,address=127.0.0.1:56344
Begin MonoManager ReloadAssembly
Registering precompiled unity dll's ...
Register platform support module: C:/Program Files/Unity/Hub/Editor/2020.3.27f1/Editor/Data/PlaybackEngines/WebGLSupport/UnityEditor.WebGL.Extensions.dll
Register platform support module: C:/Program Files/Unity/Hub/Editor/2020.3.27f1/Editor/Data/PlaybackEngines/MacStandaloneSupport/UnityEditor.OSXStandalone.Extensions.dll
Register platform support module: C:/Program Files/Unity/Hub/Editor/2020.3.27f1/Editor/Data/PlaybackEngines/WindowsStandaloneSupport/UnityEditor.WindowsStandalone.Extensions.dll
Registered in 0.002877 seconds.
Native extension for WindowsStandalone target not found
Native extension for OSXStandalone target not found
Native extension for WebGL target not found
Refreshing native plugins compatible for Editor in 41.12 ms, found 3 plugins.
Preloading 0 native plugins for Editor in 0.00 ms.
Mono: successfully reloaded assembly
- Completed reload, in  0.556 seconds
Domain Reload Profiling:
	ReloadAssembly (556ms)
		BeginReloadAssembly (62ms)
			ExecutionOrderSort (0ms)
			DisableScriptedObjects (0ms)
			BackupInstance (0ms)
			ReleaseScriptingObjects (0ms)
			CreateAndSetChildDomain (1ms)
		EndReloadAssembly (425ms)
			LoadAssemblies (60ms)
			RebuildTransferFunctionScriptingTraits (0ms)
			SetupTypeCache (141ms)
			ReleaseScriptCaches (0ms)
			RebuildScriptCaches (26ms)
			SetupLoadedEditorAssemblies (161ms)
				LogAssemblyErrors (0ms)
				InitializePlatformSupportModulesInManaged (6ms)
				SetLoadedEditorAssemblies (0ms)
				RefreshPlugins (41ms)
				BeforeProcessingInitializeOnLoad (15ms)
				ProcessInitializeOnLoadAttributes (74ms)
				ProcessInitializeOnLoadMethodAttributes (24ms)
				AfterProcessingInitializeOnLoad (0ms)
				EditorAssembliesLoaded (0ms)
			ExecutionOrderSort2 (0ms)
			AwakeInstancesAfterBackupRestoration (0ms)
Platform modules already initialized, skipping
Registering precompiled user dll's ...
Registered in 0.004212 seconds.
Begin MonoManager ReloadAssembly
Native extension for WindowsStandalone target not found
Native extension for OSXStandalone target not found
Native extension for WebGL target not found
Refreshing native plugins compatible for Editor in 39.18 ms, found 3 plugins.
Preloading 0 native plugins for Editor in 0.00 ms.
Mono: successfully reloaded assembly
- Completed reload, in  0.994 seconds
Domain Reload Profiling:
	ReloadAssembly (995ms)
		BeginReloadAssembly (135ms)
			ExecutionOrderSort (0ms)
			DisableScriptedObjects (5ms)
			BackupInstance (0ms)
			ReleaseScriptingObjects (0ms)
			CreateAndSetChildDomain (17ms)
		EndReloadAssembly (804ms)
			LoadAssemblies (86ms)
			RebuildTransferFunctionScriptingTraits (0ms)
			SetupTypeCache (256ms)
			ReleaseScriptCaches (0ms)
			RebuildScriptCaches (44ms)
			SetupLoadedEditorAssemblies (313ms)
				LogAssemblyErrors (0ms)
				InitializePlatformSupportModulesInManaged (5ms)
				SetLoadedEditorAssemblies (0ms)
				RefreshPlugins (39ms)
				BeforeProcessingInitializeOnLoad (74ms)
				ProcessInitializeOnLoadAttributes (168ms)
				ProcessInitializeOnLoadMethodAttributes (19ms)
				AfterProcessingInitializeOnLoad (7ms)
				EditorAssembliesLoaded (0ms)
			ExecutionOrderSort2 (0ms)
			AwakeInstancesAfterBackupRestoration (7ms)
Platform modules already initialized, skipping
========================================================================
Worker process is ready to serve import requests
Launched and connected shader compiler UnityShaderCompiler.exe after 0.04 seconds
Refreshing native plugins compatible for Editor in 0.51 ms, found 3 plugins.
Preloading 0 native plugins for Editor in 0.00 ms.
Unloading 2197 Unused Serialized files (Serialized files now loaded: 0)
System memory in use before: 96.7 MB.
System memory in use after: 96.6 MB.

Unloading 34 unused Assets to reduce memory usage. Loaded Objects now: 2624.
Total: 2.687000 ms (FindLiveObjects: 0.157900 ms CreateObjectMapping: 0.082100 ms MarkObjects: 2.241000 ms  DeleteObjects: 0.205200 ms)

AssetImportParameters requested are different than current active one (requested -> active):
  custom:framework-win-MediaFoundation: 216162199b28c13a410421893ffa2e32 -> 
  custom:video-decoder-ogg-theora: a1e56fd34408186e4bbccfd4996cb3dc -> 
  custom:container-muxer-webm: aa71ff27fc2769a1b78a27578f13a17b -> 
  custom:container-demuxer-webm: 4f35f7cbe854078d1ac9338744f61a02 -> 
  custom:container-demuxer-ogg: 62fdf1f143b41e24485cea50d1cbac27 -> 
  custom:video-encoder-webm-vp8: eb34c28f22e8b96e1ab97ce403110664 -> 
  custom:video-decoder-webm-vp8: 9c59270c3fd7afecdb556c50c9e8de78 -> 
  custom:audio-decoder-ogg-vorbis: bf7c407c2cedff20999df2af8eb42d56 -> 
  custom:audio-encoder-webm-vorbis: bf7c407c2cedff20999df2af8eb42d56 -> 
========================================================================
Received Import Request.
  path: Assets
  artifactKey: Guid(00000000000000001000000000000000) Importer(815301076,1909f56bfc062723c751e8b465ee728b)
Start importing Assets using Guid(00000000000000001000000000000000) Importer(815301076,1909f56bfc062723c751e8b465ee728b)  -> (artifact id: '42d402b061de3733987d63b9cc3b64de') in 0.007937 seconds 
  Import took 0.011147 seconds .

========================================================================
Received Import Request.
  Time since last request: 1.850075 seconds.
  path: Assets/Scripts
  artifactKey: Guid(edd8dc0fe07da624389a59188bf7bfa8) Importer(815301076,1909f56bfc062723c751e8b465ee728b)
Start importing Assets/Scripts using Guid(edd8dc0fe07da624389a59188bf7bfa8) Importer(815301076,1909f56bfc062723c751e8b465ee728b)  -> (artifact id: '7da168d7af975480af79d4f9a06e2fad') in 0.006577 seconds 
  Import took 0.010304 seconds .

========================================================================
Received Import Request.
  Time since last request: 11.408128 seconds.
  path: Assets/Sprites
  artifactKey: Guid(0638b0efe60d8864eac4c13798ff7026) Importer(815301076,1909f56bfc062723c751e8b465ee728b)
Start importing Assets/Sprites using Guid(0638b0efe60d8864eac4c13798ff7026) Importer(815301076,1909f56bfc062723c751e8b465ee728b)  -> (artifact id: '270dab520ff74fb05cc07b5ca2c80f74') in 0.005721 seconds 
  Import took 0.008988 seconds .

========================================================================
Received Import Request.
  Time since last request: 4.456037 seconds.
  path: Assets/Animations
  artifactKey: Guid(76af3ad1e77565f43b623825184411c2) Importer(815301076,1909f56bfc062723c751e8b465ee728b)
Start importing Assets/Animations using Guid(76af3ad1e77565f43b623825184411c2) Importer(815301076,1909f56bfc062723c751e8b465ee728b)  -> (artifact id: 'f36839d98064c8dff78cea505393b8b8') in 0.006569 seconds 
  Import took 0.009928 seconds .

========================================================================
Received Import Request.
  Time since last request: 20.298656 seconds.
  path: Assets/Scenes
  artifactKey: Guid(131a6b21c8605f84396be9f6751fb6e3) Importer(815301076,1909f56bfc062723c751e8b465ee728b)
Start importing Assets/Scenes using Guid(131a6b21c8605f84396be9f6751fb6e3) Importer(815301076,1909f56bfc062723c751e8b465ee728b)  -> (artifact id: 'df75b7d1a31c5b4f73fd45661b403b04') in 0.006867 seconds 
  Import took 0.012509 seconds .

========================================================================
Received Import Request.
  Time since last request: 1.881957 seconds.
  path: Assets/Scenes/SampleScene.unity
  artifactKey: Guid(2cda990e2423bbf4892e6590ba056729) Importer(815301076,1909f56bfc062723c751e8b465ee728b)
Start importing Assets/Scenes/SampleScene.unity using Guid(2cda990e2423bbf4892e6590ba056729) Importer(815301076,1909f56bfc062723c751e8b465ee728b)  -> (artifact id: '1333ee985c8b405feb81c7cbd2e221fc') in 0.015016 seconds 
  Import took 0.018215 seconds .

========================================================================
Received Import Request.
  Time since last request: 8.203193 seconds.
  path: Assets/Scenes/FightingScene.unity
  artifactKey: Guid(2cda990e2423bbf4892e6590ba056729) Importer(815301076,1909f56bfc062723c751e8b465ee728b)
Start importing Assets/Scenes/FightingScene.unity using Guid(2cda990e2423bbf4892e6590ba056729) Importer(815301076,1909f56bfc062723c751e8b465ee728b)  -> (artifact id: '5eeadf2704d35f72daff9b6e2d5e5483') in 0.007465 seconds 
  Import took 0.010837 seconds .

========================================================================
Received Import Request.
  Time since last request: 6.658971 seconds.
  path: Assets/Scenes/MapScene.unity
  artifactKey: Guid(38187df88db6ac042927f5a953a43c24) Importer(815301076,1909f56bfc062723c751e8b465ee728b)
Start importing Assets/Scenes/MapScene.unity using Guid(38187df88db6ac042927f5a953a43c24) Importer(815301076,1909f56bfc062723c751e8b465ee728b)  -> (artifact id: '17c31105d5a0336703685f61608ef5cf') in 0.006313 seconds 
  Import took 0.009986 seconds .

========================================================================
Received Import Request.
  Time since last request: 19.139029 seconds.
  path: Assets/Scenes/FarmScene.unity
  artifactKey: Guid(92556de4eed30a04fbe93c3d1cb6a3ce) Importer(815301076,1909f56bfc062723c751e8b465ee728b)
Start importing Assets/Scenes/FarmScene.unity using Guid(92556de4eed30a04fbe93c3d1cb6a3ce) Importer(815301076,1909f56bfc062723c751e8b465ee728b)  -> (artifact id: '220082e99972a93fac5039895173ef34') in 0.007334 seconds 
  Import took 0.011479 seconds .

AssetImportWorkerClient::OnTransportError - code=2 error=End of file
